<?xml version="1.0" encoding="UTF-8"?>
<!-- Generated by org.testng.reporters.JUnitXMLReporter -->
<testsuite ignored="0" hostname="LAPTOP-EH6JCHQ8" failures="1" tests="1" name="Default test" time="138.1" errors="0" timestamp="2026-01-14T16:38:53 IST">
  <testcase classname="io.cucumber.testng.AbstractTestNGCucumberTests" name="runScenario" time="136.219">
    <failure type="java.lang.RuntimeException" message="Option not found in grid: FreshonTable DWC LLC">
      <![CDATA[java.lang.RuntimeException: Option not found in grid: FreshonTable DWC LLC
at utils.PageObjectUtils.selectByText(PageObjectUtils.java:139)
at PageObjects.StockSummaryPage.selectSeller(StockSummaryPage.java:85)
at stepDefinitions.ProcessingOrders.select_the_seller_to_which_the_wastage_product_is_credited(ProcessingOrders.java:508)
at ✽.select the seller "FreshonTable DWC LLC" to which the wastage product is credited(file:///D:/FOT%20AUTOMATION/AdminPanel/src/test/resources/features/processingOrders.feature:203)
]]>
    </failure>
  </testcase> <!-- runScenario -->
</testsuite> <!-- Default test -->
